Traceback (most recent call last):
  File "./vast", line 15, in <module>
    import requests
  File "/usr/lib/python3/dist-packages/requests/__init__.py", line 43, in <module>
    import urllib3
  File "/usr/lib/python3/dist-packages/urllib3/__init__.py", line 7, in <module>
    from .connectionpool import HTTPConnectionPool, HTTPSConnectionPool, connection_from_url
  File "/usr/lib/python3/dist-packages/urllib3/connectionpool.py", line 30, in <module>
    from .connection import (
  File "/usr/lib/python3/dist-packages/urllib3/connection.py", line 41, in <module>
    from .util.ssl_ import (
  File "/usr/lib/python3/dist-packages/urllib3/util/__init__.py", line 7, in <module>
    from .ssl_ import (
  File "/usr/lib/python3/dist-packages/urllib3/util/ssl_.py", line 10, in <module>
    from .url import IPV4_RE, BRACELESS_IPV6_ADDRZ_RE
  File "/usr/lib/python3/dist-packages/urllib3/util/url.py", line 63, in <module>
    BRACELESS_IPV6_ADDRZ_RE = re.compile("^" + IPV6_ADDRZ_PAT[2:-2] + "$")
  File "/usr/lib/python3.8/re.py", line 252, in compile
    return _compile(pattern, flags)
  File "/usr/lib/python3.8/re.py", line 304, in _compile
    p = sre_compile.compile(pattern, flags)
  File "/usr/lib/python3.8/sre_compile.py", line 764, in compile
    p = sre_parse.parse(p, flags)
  File "/usr/lib/python3.8/sre_parse.py", line 948, in parse
    p = _parse_sub(source, state, flags & SRE_FLAG_VERBOSE, 0)
  File "/usr/lib/python3.8/sre_parse.py", line 443, in _parse_sub
    itemsappend(_parse(source, state, verbose, nested + 1,
  File "/usr/lib/python3.8/sre_parse.py", line 834, in _parse
    p = _parse_sub(source, state, sub_verbose, nested + 1)
  File "/usr/lib/python3.8/sre_parse.py", line 443, in _parse_sub
    itemsappend(_parse(source, state, verbose, nested + 1,
  File "/usr/lib/python3.8/sre_parse.py", line 834, in _parse
    p = _parse_sub(source, state, sub_verbose, nested + 1)
  File "/usr/lib/python3.8/sre_parse.py", line 443, in _parse_sub
    itemsappend(_parse(source, state, verbose, nested + 1,
  File "/usr/lib/python3.8/sre_parse.py", line 834, in _parse
    p = _parse_sub(source, state, sub_verbose, nested + 1)
  File "/usr/lib/python3.8/sre_parse.py", line 443, in _parse_sub
    itemsappend(_parse(source, state, verbose, nested + 1,
  File "/usr/lib/python3.8/sre_parse.py", line 625, in _parse
    elif this == "*":
KeyboardInterrupt
